<?xml version="1.0" encoding="UTF-8"?>
<!-- Generated by org.testng.reporters.JUnitXMLReporter -->
<testsuite hostname="DESKTOP-FOLJODC" ignored="1" name="RegressionTest" tests="2" failures="0" timestamp="2020-01-19T13:02:25 EST" time="30.622" errors="0">
  <testcase name="leaveLabelValidation" time="6.858" classname="com.testcasses.LeaveListPageTest"/>
  <testcase name="negativeLogin" time="0.167" classname="com.testcasses.LoginPageTest"/>
  <testcase name="login" time="0.0" classname="com.testcasses.LoginPageTest">
    <ignored/>
  </testcase> <!-- login -->
</testsuite> <!-- RegressionTest -->
